2024-11-08 03:01:26,049 ERROR:Binance API keys not set in environment variables.
2024-11-08 03:05:52,784 ERROR:Binance API keys not set in environment variables.
2024-11-08 03:07:25,314 ERROR:Binance API keys not set in environment variables.
2024-11-08 03:07:32,072 ERROR:Binance API keys not set in environment variables.
2024-11-08 03:09:50,213 ERROR:Binance API keys not set in environment variables.
2024-11-08 03:15:49,163 ERROR:Unhandled exception: 'BinanceBot' object has no attribute 'run'
2024-11-08 03:18:02,717 INFO:Initialized Binance client for BTCUSDT
2024-11-08 03:18:02,744 INFO:Initialized Binance client for ETHUSDT
2024-11-08 03:18:03,238 INFO:Leverage set to 10x for BTCUSDT
2024-11-08 03:18:03,260 INFO:Leverage set to 10x for ETHUSDT
2024-11-08 03:18:03,672 INFO:No open positions for BTCUSDT. Drawing grid...
2024-11-08 03:18:03,687 INFO:No open positions for ETHUSDT. Drawing grid...
2024-11-08 03:18:04,273 INFO:SELL limit order placed: {'orderId': 1467703314, 'symbol': 'ETHUSDT', 'status': 'NEW', 'clientOrderId': 'x-Cb7ytekJ1dd968cf127d3985e606d', 'price': '2895.17', 'avgPrice': '0.00', 'origQty': '0.010', 'executedQty': '0.000', 'cumQty': '0.000', 'cumQuote': '0.00000', 'timeInForce': 'GTC', 'type': 'LIMIT', 'reduceOnly': False, 'closePosition': False, 'side': 'SELL', 'positionSide': 'BOTH', 'stopPrice': '0.00', 'workingType': 'CONTRACT_PRICE', 'priceProtect': False, 'origType': 'LIMIT', 'priceMatch': 'NONE', 'selfTradePreventionMode': 'NONE', 'goodTillDate': 0, 'updateTime': 1731016084237}
2024-11-08 03:18:04,536 INFO:SELL limit order placed: {'orderId': 4065408624, 'symbol': 'BTCUSDT', 'status': 'NEW', 'clientOrderId': 'x-Cb7ytekJ8a01cc614afabd26034caf', 'price': '76053.60', 'avgPrice': '0.00', 'origQty': '0.010', 'executedQty': '0.000', 'cumQty': '0.000', 'cumQuote': '0.00000', 'timeInForce': 'GTC', 'type': 'LIMIT', 'reduceOnly': False, 'closePosition': False, 'side': 'SELL', 'positionSide': 'BOTH', 'stopPrice': '0.00', 'workingType': 'CONTRACT_PRICE', 'priceProtect': False, 'origType': 'LIMIT', 'priceMatch': 'NONE', 'selfTradePreventionMode': 'NONE', 'goodTillDate': 0, 'updateTime': 1731016084500}
2024-11-08 03:18:04,712 INFO:BUY limit order placed: {'orderId': 1467703315, 'symbol': 'ETHUSDT', 'status': 'NEW', 'clientOrderId': 'x-Cb7ytekJedb479e661a0364d8d390e', 'price': '2892.86', 'avgPrice': '0.00', 'origQty': '0.010', 'executedQty': '0.000', 'cumQty': '0.000', 'cumQuote': '0.00000', 'timeInForce': 'GTC', 'type': 'LIMIT', 'reduceOnly': False, 'closePosition': False, 'side': 'BUY', 'positionSide': 'BOTH', 'stopPrice': '0.00', 'workingType': 'CONTRACT_PRICE', 'priceProtect': False, 'origType': 'LIMIT', 'priceMatch': 'NONE', 'selfTradePreventionMode': 'NONE', 'goodTillDate': 0, 'updateTime': 1731016084676}
2024-11-08 03:18:04,712 INFO:Placed grid orders at Sell: 2895.17, Buy: 2892.86
2024-11-08 03:18:04,987 INFO:BUY limit order placed: {'orderId': 4065408630, 'symbol': 'BTCUSDT', 'status': 'NEW', 'clientOrderId': 'x-Cb7ytekJ2fa34352f6e607312502ea', 'price': '75992.80', 'avgPrice': '0.00', 'origQty': '0.010', 'executedQty': '0.000', 'cumQty': '0.000', 'cumQuote': '0.00000', 'timeInForce': 'GTC', 'type': 'LIMIT', 'reduceOnly': False, 'closePosition': False, 'side': 'BUY', 'positionSide': 'BOTH', 'stopPrice': '0.00', 'workingType': 'CONTRACT_PRICE', 'priceProtect': False, 'origType': 'LIMIT', 'priceMatch': 'NONE', 'selfTradePreventionMode': 'NONE', 'goodTillDate': 0, 'updateTime': 1731016084944}
2024-11-08 03:18:04,987 INFO:Placed grid orders at Sell: 76053.6, Buy: 75992.8
2024-11-08 03:18:05,141 INFO:SELL limit order placed: {'orderId': 1467703316, 'symbol': 'ETHUSDT', 'status': 'NEW', 'clientOrderId': 'x-Cb7ytekJ68366aa07eaf4578a4de39', 'price': '2896.33', 'avgPrice': '0.00', 'origQty': '0.010', 'executedQty': '0.000', 'cumQty': '0.000', 'cumQuote': '0.00000', 'timeInForce': 'GTC', 'type': 'LIMIT', 'reduceOnly': False, 'closePosition': False, 'side': 'SELL', 'positionSide': 'BOTH', 'stopPrice': '0.00', 'workingType': 'CONTRACT_PRICE', 'priceProtect': False, 'origType': 'LIMIT', 'priceMatch': 'NONE', 'selfTradePreventionMode': 'NONE', 'goodTillDate': 0, 'updateTime': 1731016085105}
2024-11-08 03:18:05,147 INFO:SELL limit order placed: {'orderId': 4065408638, 'symbol': 'BTCUSDT', 'status': 'NEW', 'clientOrderId': 'x-Cb7ytekJ3bfb66945f6c4ba8f5d585', 'price': '76084.00', 'avgPrice': '0.00', 'origQty': '0.010', 'executedQty': '0.000', 'cumQty': '0.000', 'cumQuote': '0.00000', 'timeInForce': 'GTC', 'type': 'LIMIT', 'reduceOnly': False, 'closePosition': False, 'side': 'SELL', 'positionSide': 'BOTH', 'stopPrice': '0.00', 'workingType': 'CONTRACT_PRICE', 'priceProtect': False, 'origType': 'LIMIT', 'priceMatch': 'NONE', 'selfTradePreventionMode': 'NONE', 'goodTillDate': 0, 'updateTime': 1731016085105}
2024-11-08 03:18:05,297 INFO:BUY limit order placed: {'orderId': 1467703317, 'symbol': 'ETHUSDT', 'status': 'NEW', 'clientOrderId': 'x-Cb7ytekJ937e2794e9ad3a587573c6', 'price': '2891.70', 'avgPrice': '0.00', 'origQty': '0.010', 'executedQty': '0.000', 'cumQty': '0.000', 'cumQuote': '0.00000', 'timeInForce': 'GTC', 'type': 'LIMIT', 'reduceOnly': False, 'closePosition': False, 'side': 'BUY', 'positionSide': 'BOTH', 'stopPrice': '0.00', 'workingType': 'CONTRACT_PRICE', 'priceProtect': False, 'origType': 'LIMIT', 'priceMatch': 'NONE', 'selfTradePreventionMode': 'NONE', 'goodTillDate': 0, 'updateTime': 1731016085261}
2024-11-08 03:18:05,298 INFO:Placed grid orders at Sell: 2896.33, Buy: 2891.7
2024-11-08 03:18:05,459 INFO:SELL limit order placed: {'orderId': 1467703318, 'symbol': 'ETHUSDT', 'status': 'NEW', 'clientOrderId': 'x-Cb7ytekJbfb94c1ce9f5240038b32b', 'price': '2897.49', 'avgPrice': '0.00', 'origQty': '0.010', 'executedQty': '0.000', 'cumQty': '0.000', 'cumQuote': '0.00000', 'timeInForce': 'GTC', 'type': 'LIMIT', 'reduceOnly': False, 'closePosition': False, 'side': 'SELL', 'positionSide': 'BOTH', 'stopPrice': '0.00', 'workingType': 'CONTRACT_PRICE', 'priceProtect': False, 'origType': 'LIMIT', 'priceMatch': 'NONE', 'selfTradePreventionMode': 'NONE', 'goodTillDate': 0, 'updateTime': 1731016085423}
2024-11-08 03:18:05,602 INFO:BUY limit order placed: {'orderId': 4065408639, 'symbol': 'BTCUSDT', 'status': 'NEW', 'clientOrderId': 'x-Cb7ytekJf0a27e167a334496cbc98b', 'price': '75962.40', 'avgPrice': '0.00', 'origQty': '0.010', 'executedQty': '0.000', 'cumQty': '0.000', 'cumQuote': '0.00000', 'timeInForce': 'GTC', 'type': 'LIMIT', 'reduceOnly': False, 'closePosition': False, 'side': 'BUY', 'positionSide': 'BOTH', 'stopPrice': '0.00', 'workingType': 'CONTRACT_PRICE', 'priceProtect': False, 'origType': 'LIMIT', 'priceMatch': 'NONE', 'selfTradePreventionMode': 'NONE', 'goodTillDate': 0, 'updateTime': 1731016085562}
2024-11-08 03:18:05,602 INFO:Placed grid orders at Sell: 76084.0, Buy: 75962.4
2024-11-08 03:18:05,615 INFO:BUY limit order placed: {'orderId': 1467703319, 'symbol': 'ETHUSDT', 'status': 'NEW', 'clientOrderId': 'x-Cb7ytekJ5ff2cd39408f8490dbb8ab', 'price': '2890.54', 'avgPrice': '0.00', 'origQty': '0.010', 'executedQty': '0.000', 'cumQty': '0.000', 'cumQuote': '0.00000', 'timeInForce': 'GTC', 'type': 'LIMIT', 'reduceOnly': False, 'closePosition': False, 'side': 'BUY', 'positionSide': 'BOTH', 'stopPrice': '0.00', 'workingType': 'CONTRACT_PRICE', 'priceProtect': False, 'origType': 'LIMIT', 'priceMatch': 'NONE', 'selfTradePreventionMode': 'NONE', 'goodTillDate': 0, 'updateTime': 1731016085579}
2024-11-08 03:18:05,616 INFO:Placed grid orders at Sell: 2897.49, Buy: 2890.54
2024-11-08 03:18:06,048 INFO:SELL limit order placed: {'orderId': 4065408645, 'symbol': 'BTCUSDT', 'status': 'NEW', 'clientOrderId': 'x-Cb7ytekJ8f3f02b2724def6eb635bc', 'price': '76114.40', 'avgPrice': '0.00', 'origQty': '0.010', 'executedQty': '0.000', 'cumQty': '0.000', 'cumQuote': '0.00000', 'timeInForce': 'GTC', 'type': 'LIMIT', 'reduceOnly': False, 'closePosition': False, 'side': 'SELL', 'positionSide': 'BOTH', 'stopPrice': '0.00', 'workingType': 'CONTRACT_PRICE', 'priceProtect': False, 'origType': 'LIMIT', 'priceMatch': 'NONE', 'selfTradePreventionMode': 'NONE', 'goodTillDate': 0, 'updateTime': 1731016086008}
2024-11-08 03:18:06,053 INFO:SELL limit order placed: {'orderId': 1467703320, 'symbol': 'ETHUSDT', 'status': 'NEW', 'clientOrderId': 'x-Cb7ytekJ9b0195bf2cdd570b994ff9', 'price': '2898.65', 'avgPrice': '0.00', 'origQty': '0.010', 'executedQty': '0.000', 'cumQty': '0.000', 'cumQuote': '0.00000', 'timeInForce': 'GTC', 'type': 'LIMIT', 'reduceOnly': False, 'closePosition': False, 'side': 'SELL', 'positionSide': 'BOTH', 'stopPrice': '0.00', 'workingType': 'CONTRACT_PRICE', 'priceProtect': False, 'origType': 'LIMIT', 'priceMatch': 'NONE', 'selfTradePreventionMode': 'NONE', 'goodTillDate': 0, 'updateTime': 1731016086019}
2024-11-08 03:18:06,208 INFO:BUY limit order placed: {'orderId': 4065408652, 'symbol': 'BTCUSDT', 'status': 'NEW', 'clientOrderId': 'x-Cb7ytekJ1fc59ecd6929364716a5ed', 'price': '75932.00', 'avgPrice': '0.00', 'origQty': '0.010', 'executedQty': '0.000', 'cumQty': '0.000', 'cumQuote': '0.00000', 'timeInForce': 'GTC', 'type': 'LIMIT', 'reduceOnly': False, 'closePosition': False, 'side': 'BUY', 'positionSide': 'BOTH', 'stopPrice': '0.00', 'workingType': 'CONTRACT_PRICE', 'priceProtect': False, 'origType': 'LIMIT', 'priceMatch': 'NONE', 'selfTradePreventionMode': 'NONE', 'goodTillDate': 0, 'updateTime': 1731016086167}
2024-11-08 03:18:06,208 INFO:Placed grid orders at Sell: 76114.4, Buy: 75932.0
2024-11-08 03:18:06,487 INFO:BUY limit order placed: {'orderId': 1467703321, 'symbol': 'ETHUSDT', 'status': 'NEW', 'clientOrderId': 'x-Cb7ytekJ19ff77216409797f9adeb', 'price': '2889.39', 'avgPrice': '0.00', 'origQty': '0.010', 'executedQty': '0.000', 'cumQty': '0.000', 'cumQuote': '0.00000', 'timeInForce': 'GTC', 'type': 'LIMIT', 'reduceOnly': False, 'closePosition': False, 'side': 'BUY', 'positionSide': 'BOTH', 'stopPrice': '0.00', 'workingType': 'CONTRACT_PRICE', 'priceProtect': False, 'origType': 'LIMIT', 'priceMatch': 'NONE', 'selfTradePreventionMode': 'NONE', 'goodTillDate': 0, 'updateTime': 1731016086451}
2024-11-08 03:18:06,487 INFO:Placed grid orders at Sell: 2898.65, Buy: 2889.39
2024-11-08 03:18:06,646 INFO:SELL limit order placed: {'orderId': 4065408653, 'symbol': 'BTCUSDT', 'status': 'NEW', 'clientOrderId': 'x-Cb7ytekJ3cbb5c73a7ac7814cb1857', 'price': '76144.80', 'avgPrice': '0.00', 'origQty': '0.010', 'executedQty': '0.000', 'cumQty': '0.000', 'cumQuote': '0.00000', 'timeInForce': 'GTC', 'type': 'LIMIT', 'reduceOnly': False, 'closePosition': False, 'side': 'SELL', 'positionSide': 'BOTH', 'stopPrice': '0.00', 'workingType': 'CONTRACT_PRICE', 'priceProtect': False, 'origType': 'LIMIT', 'priceMatch': 'NONE', 'selfTradePreventionMode': 'NONE', 'goodTillDate': 0, 'updateTime': 1731016086611}
2024-11-08 03:18:06,801 INFO:BUY limit order placed: {'orderId': 4065408654, 'symbol': 'BTCUSDT', 'status': 'NEW', 'clientOrderId': 'x-Cb7ytekJ9039453963525dff8d4a8', 'price': '75901.50', 'avgPrice': '0.00', 'origQty': '0.010', 'executedQty': '0.000', 'cumQty': '0.000', 'cumQuote': '0.00000', 'timeInForce': 'GTC', 'type': 'LIMIT', 'reduceOnly': False, 'closePosition': False, 'side': 'BUY', 'positionSide': 'BOTH', 'stopPrice': '0.00', 'workingType': 'CONTRACT_PRICE', 'priceProtect': False, 'origType': 'LIMIT', 'priceMatch': 'NONE', 'selfTradePreventionMode': 'NONE', 'goodTillDate': 0, 'updateTime': 1731016086764}
2024-11-08 03:18:06,801 INFO:Placed grid orders at Sell: 76144.8, Buy: 75901.5
2024-11-08 03:18:06,947 INFO:SELL limit order placed: {'orderId': 1467703322, 'symbol': 'ETHUSDT', 'status': 'NEW', 'clientOrderId': 'x-Cb7ytekJ6b153f70e03f2ccdb19540', 'price': '2899.80', 'avgPrice': '0.00', 'origQty': '0.010', 'executedQty': '0.000', 'cumQty': '0.000', 'cumQuote': '0.00000', 'timeInForce': 'GTC', 'type': 'LIMIT', 'reduceOnly': False, 'closePosition': False, 'side': 'SELL', 'positionSide': 'BOTH', 'stopPrice': '0.00', 'workingType': 'CONTRACT_PRICE', 'priceProtect': False, 'origType': 'LIMIT', 'priceMatch': 'NONE', 'selfTradePreventionMode': 'NONE', 'goodTillDate': 0, 'updateTime': 1731016086904}
2024-11-08 03:18:07,237 INFO:SELL limit order placed: {'orderId': 4065408655, 'symbol': 'BTCUSDT', 'status': 'NEW', 'clientOrderId': 'x-Cb7ytekJa8e693b68b751ee7d9ca8', 'price': '76175.20', 'avgPrice': '0.00', 'origQty': '0.010', 'executedQty': '0.000', 'cumQty': '0.000', 'cumQuote': '0.00000', 'timeInForce': 'GTC', 'type': 'LIMIT', 'reduceOnly': False, 'closePosition': False, 'side': 'SELL', 'positionSide': 'BOTH', 'stopPrice': '0.00', 'workingType': 'CONTRACT_PRICE', 'priceProtect': False, 'origType': 'LIMIT', 'priceMatch': 'NONE', 'selfTradePreventionMode': 'NONE', 'goodTillDate': 0, 'updateTime': 1731016087201}
2024-11-08 03:18:07,395 INFO:BUY limit order placed: {'orderId': 1467703323, 'symbol': 'ETHUSDT', 'status': 'NEW', 'clientOrderId': 'x-Cb7ytekJ905762a0bbc2cff7b07a98', 'price': '2888.23', 'avgPrice': '0.00', 'origQty': '0.010', 'executedQty': '0.000', 'cumQty': '0.000', 'cumQuote': '0.00000', 'timeInForce': 'GTC', 'type': 'LIMIT', 'reduceOnly': False, 'closePosition': False, 'side': 'BUY', 'positionSide': 'BOTH', 'stopPrice': '0.00', 'workingType': 'CONTRACT_PRICE', 'priceProtect': False, 'origType': 'LIMIT', 'priceMatch': 'NONE', 'selfTradePreventionMode': 'NONE', 'goodTillDate': 0, 'updateTime': 1731016087354}
2024-11-08 03:18:07,395 INFO:Placed grid orders at Sell: 2899.8, Buy: 2888.23
2024-11-08 03:18:07,548 INFO:SELL limit order placed: {'orderId': 1467703324, 'symbol': 'ETHUSDT', 'status': 'NEW', 'clientOrderId': 'x-Cb7ytekJ7d5eaac412ceca225ae2c1', 'price': '2900.96', 'avgPrice': '0.00', 'origQty': '0.010', 'executedQty': '0.000', 'cumQty': '0.000', 'cumQuote': '0.00000', 'timeInForce': 'GTC', 'type': 'LIMIT', 'reduceOnly': False, 'closePosition': False, 'side': 'SELL', 'positionSide': 'BOTH', 'stopPrice': '0.00', 'workingType': 'CONTRACT_PRICE', 'priceProtect': False, 'origType': 'LIMIT', 'priceMatch': 'NONE', 'selfTradePreventionMode': 'NONE', 'goodTillDate': 0, 'updateTime': 1731016087511}
2024-11-08 03:18:07,682 INFO:BUY limit order placed: {'orderId': 4065408656, 'symbol': 'BTCUSDT', 'status': 'NEW', 'clientOrderId': 'x-Cb7ytekJ7fee7d90b98d703b126d67', 'price': '75871.10', 'avgPrice': '0.00', 'origQty': '0.010', 'executedQty': '0.000', 'cumQty': '0.000', 'cumQuote': '0.00000', 'timeInForce': 'GTC', 'type': 'LIMIT', 'reduceOnly': False, 'closePosition': False, 'side': 'BUY', 'positionSide': 'BOTH', 'stopPrice': '0.00', 'workingType': 'CONTRACT_PRICE', 'priceProtect': False, 'origType': 'LIMIT', 'priceMatch': 'NONE', 'selfTradePreventionMode': 'NONE', 'goodTillDate': 0, 'updateTime': 1731016087642}
2024-11-08 03:18:07,682 INFO:Placed grid orders at Sell: 76175.2, Buy: 75871.1
2024-11-08 03:18:07,705 INFO:BUY limit order placed: {'orderId': 1467703325, 'symbol': 'ETHUSDT', 'status': 'NEW', 'clientOrderId': 'x-Cb7ytekJ754615ff99f603dacfdb84', 'price': '2887.07', 'avgPrice': '0.00', 'origQty': '0.010', 'executedQty': '0.000', 'cumQty': '0.000', 'cumQuote': '0.00000', 'timeInForce': 'GTC', 'type': 'LIMIT', 'reduceOnly': False, 'closePosition': False, 'side': 'BUY', 'positionSide': 'BOTH', 'stopPrice': '0.00', 'workingType': 'CONTRACT_PRICE', 'priceProtect': False, 'origType': 'LIMIT', 'priceMatch': 'NONE', 'selfTradePreventionMode': 'NONE', 'goodTillDate': 0, 'updateTime': 1731016087666}
2024-11-08 03:18:07,706 INFO:Placed grid orders at Sell: 2900.96, Buy: 2887.07
2024-11-08 03:18:08,119 INFO:SELL limit order placed: {'orderId': 4065408657, 'symbol': 'BTCUSDT', 'status': 'NEW', 'clientOrderId': 'x-Cb7ytekJ669bcd47b10f47180ac353', 'price': '76205.60', 'avgPrice': '0.00', 'origQty': '0.010', 'executedQty': '0.000', 'cumQty': '0.000', 'cumQuote': '0.00000', 'timeInForce': 'GTC', 'type': 'LIMIT', 'reduceOnly': False, 'closePosition': False, 'side': 'SELL', 'positionSide': 'BOTH', 'stopPrice': '0.00', 'workingType': 'CONTRACT_PRICE', 'priceProtect': False, 'origType': 'LIMIT', 'priceMatch': 'NONE', 'selfTradePreventionMode': 'NONE', 'goodTillDate': 0, 'updateTime': 1731016088083}
2024-11-08 03:18:08,156 INFO:SELL limit order placed: {'orderId': 1467703326, 'symbol': 'ETHUSDT', 'status': 'NEW', 'clientOrderId': 'x-Cb7ytekJbf6f96245637e3da42ab31', 'price': '2902.12', 'avgPrice': '0.00', 'origQty': '0.010', 'executedQty': '0.000', 'cumQty': '0.000', 'cumQuote': '0.00000', 'timeInForce': 'GTC', 'type': 'LIMIT', 'reduceOnly': False, 'closePosition': False, 'side': 'SELL', 'positionSide': 'BOTH', 'stopPrice': '0.00', 'workingType': 'CONTRACT_PRICE', 'priceProtect': False, 'origType': 'LIMIT', 'priceMatch': 'NONE', 'selfTradePreventionMode': 'NONE', 'goodTillDate': 0, 'updateTime': 1731016088115}
2024-11-08 03:18:08,277 INFO:BUY limit order placed: {'orderId': 4065408658, 'symbol': 'BTCUSDT', 'status': 'NEW', 'clientOrderId': 'x-Cb7ytekJ2b8b2b0eff4288756a3b89', 'price': '75840.70', 'avgPrice': '0.00', 'origQty': '0.010', 'executedQty': '0.000', 'cumQty': '0.000', 'cumQuote': '0.00000', 'timeInForce': 'GTC', 'type': 'LIMIT', 'reduceOnly': False, 'closePosition': False, 'side': 'BUY', 'positionSide': 'BOTH', 'stopPrice': '0.00', 'workingType': 'CONTRACT_PRICE', 'priceProtect': False, 'origType': 'LIMIT', 'priceMatch': 'NONE', 'selfTradePreventionMode': 'NONE', 'goodTillDate': 0, 'updateTime': 1731016088241}
2024-11-08 03:18:08,278 INFO:Placed grid orders at Sell: 76205.6, Buy: 75840.7
2024-11-08 03:18:08,430 INFO:SELL limit order placed: {'orderId': 4065408659, 'symbol': 'BTCUSDT', 'status': 'NEW', 'clientOrderId': 'x-Cb7ytekJfc18cef3ceaf63dfd40268', 'price': '76236.00', 'avgPrice': '0.00', 'origQty': '0.010', 'executedQty': '0.000', 'cumQty': '0.000', 'cumQuote': '0.00000', 'timeInForce': 'GTC', 'type': 'LIMIT', 'reduceOnly': False, 'closePosition': False, 'side': 'SELL', 'positionSide': 'BOTH', 'stopPrice': '0.00', 'workingType': 'CONTRACT_PRICE', 'priceProtect': False, 'origType': 'LIMIT', 'priceMatch': 'NONE', 'selfTradePreventionMode': 'NONE', 'goodTillDate': 0, 'updateTime': 1731016088395}
2024-11-08 03:18:08,591 INFO:BUY limit order placed: {'orderId': 4065408660, 'symbol': 'BTCUSDT', 'status': 'NEW', 'clientOrderId': 'x-Cb7ytekJd575108849dc375bb8edeb', 'price': '75810.30', 'avgPrice': '0.00', 'origQty': '0.010', 'executedQty': '0.000', 'cumQty': '0.000', 'cumQuote': '0.00000', 'timeInForce': 'GTC', 'type': 'LIMIT', 'reduceOnly': False, 'closePosition': False, 'side': 'BUY', 'positionSide': 'BOTH', 'stopPrice': '0.00', 'workingType': 'CONTRACT_PRICE', 'priceProtect': False, 'origType': 'LIMIT', 'priceMatch': 'NONE', 'selfTradePreventionMode': 'NONE', 'goodTillDate': 0, 'updateTime': 1731016088549}
2024-11-08 03:18:08,592 INFO:Placed grid orders at Sell: 76236.0, Buy: 75810.3
2024-11-08 03:18:08,607 INFO:BUY limit order placed: {'orderId': 1467703327, 'symbol': 'ETHUSDT', 'status': 'NEW', 'clientOrderId': 'x-Cb7ytekJc0ce635172858e6c2295a2', 'price': '2885.91', 'avgPrice': '0.00', 'origQty': '0.010', 'executedQty': '0.000', 'cumQty': '0.000', 'cumQuote': '0.00000', 'timeInForce': 'GTC', 'type': 'LIMIT', 'reduceOnly': False, 'closePosition': False, 'side': 'BUY', 'positionSide': 'BOTH', 'stopPrice': '0.00', 'workingType': 'CONTRACT_PRICE', 'priceProtect': False, 'origType': 'LIMIT', 'priceMatch': 'NONE', 'selfTradePreventionMode': 'NONE', 'goodTillDate': 0, 'updateTime': 1731016088566}
2024-11-08 03:18:08,608 INFO:Placed grid orders at Sell: 2902.12, Buy: 2885.91
2024-11-08 03:18:08,762 INFO:SELL limit order placed: {'orderId': 1467703328, 'symbol': 'ETHUSDT', 'status': 'NEW', 'clientOrderId': 'x-Cb7ytekJ2ea1bf42ca046e33e5dcb0', 'price': '2903.28', 'avgPrice': '0.00', 'origQty': '0.010', 'executedQty': '0.000', 'cumQty': '0.000', 'cumQuote': '0.00000', 'timeInForce': 'GTC', 'type': 'LIMIT', 'reduceOnly': False, 'closePosition': False, 'side': 'SELL', 'positionSide': 'BOTH', 'stopPrice': '0.00', 'workingType': 'CONTRACT_PRICE', 'priceProtect': False, 'origType': 'LIMIT', 'priceMatch': 'NONE', 'selfTradePreventionMode': 'NONE', 'goodTillDate': 0, 'updateTime': 1731016088726}
2024-11-08 03:18:09,038 INFO:SELL limit order placed: {'orderId': 4065408667, 'symbol': 'BTCUSDT', 'status': 'NEW', 'clientOrderId': 'x-Cb7ytekJ2d282062665a757fd62e66', 'price': '76266.50', 'avgPrice': '0.00', 'origQty': '0.010', 'executedQty': '0.000', 'cumQty': '0.000', 'cumQuote': '0.00000', 'timeInForce': 'GTC', 'type': 'LIMIT', 'reduceOnly': False, 'closePosition': False, 'side': 'SELL', 'positionSide': 'BOTH', 'stopPrice': '0.00', 'workingType': 'CONTRACT_PRICE', 'priceProtect': False, 'origType': 'LIMIT', 'priceMatch': 'NONE', 'selfTradePreventionMode': 'NONE', 'goodTillDate': 0, 'updateTime': 1731016088999}
2024-11-08 03:18:09,191 INFO:BUY limit order placed: {'orderId': 4065408668, 'symbol': 'BTCUSDT', 'status': 'NEW', 'clientOrderId': 'x-Cb7ytekJff1e48960e1aab028d2999', 'price': '75779.90', 'avgPrice': '0.00', 'origQty': '0.010', 'executedQty': '0.000', 'cumQty': '0.000', 'cumQuote': '0.00000', 'timeInForce': 'GTC', 'type': 'LIMIT', 'reduceOnly': False, 'closePosition': False, 'side': 'BUY', 'positionSide': 'BOTH', 'stopPrice': '0.00', 'workingType': 'CONTRACT_PRICE', 'priceProtect': False, 'origType': 'LIMIT', 'priceMatch': 'NONE', 'selfTradePreventionMode': 'NONE', 'goodTillDate': 0, 'updateTime': 1731016089155}
2024-11-08 03:18:09,191 INFO:Placed grid orders at Sell: 76266.5, Buy: 75779.9
2024-11-08 03:18:09,217 INFO:BUY limit order placed: {'orderId': 1467703330, 'symbol': 'ETHUSDT', 'status': 'NEW', 'clientOrderId': 'x-Cb7ytekJ7d0b0938ea9ce7def88660', 'price': '2884.76', 'avgPrice': '0.00', 'origQty': '0.010', 'executedQty': '0.000', 'cumQty': '0.000', 'cumQuote': '0.00000', 'timeInForce': 'GTC', 'type': 'LIMIT', 'reduceOnly': False, 'closePosition': False, 'side': 'BUY', 'positionSide': 'BOTH', 'stopPrice': '0.00', 'workingType': 'CONTRACT_PRICE', 'priceProtect': False, 'origType': 'LIMIT', 'priceMatch': 'NONE', 'selfTradePreventionMode': 'NONE', 'goodTillDate': 0, 'updateTime': 1731016089174}
2024-11-08 03:18:09,217 INFO:Placed grid orders at Sell: 2903.28, Buy: 2884.76
2024-11-08 03:18:09,355 INFO:SELL limit order placed: {'orderId': 4065408669, 'symbol': 'BTCUSDT', 'status': 'NEW', 'clientOrderId': 'x-Cb7ytekJa40d0bae4f42095e45a33d', 'price': '76296.90', 'avgPrice': '0.00', 'origQty': '0.010', 'executedQty': '0.000', 'cumQty': '0.000', 'cumQuote': '0.00000', 'timeInForce': 'GTC', 'type': 'LIMIT', 'reduceOnly': False, 'closePosition': False, 'side': 'SELL', 'positionSide': 'BOTH', 'stopPrice': '0.00', 'workingType': 'CONTRACT_PRICE', 'priceProtect': False, 'origType': 'LIMIT', 'priceMatch': 'NONE', 'selfTradePreventionMode': 'NONE', 'goodTillDate': 0, 'updateTime': 1731016089312}
2024-11-08 03:18:09,507 INFO:BUY limit order placed: {'orderId': 4065408671, 'symbol': 'BTCUSDT', 'status': 'NEW', 'clientOrderId': 'x-Cb7ytekJ81c897303184fb0d99d291', 'price': '75749.50', 'avgPrice': '0.00', 'origQty': '0.010', 'executedQty': '0.000', 'cumQty': '0.000', 'cumQuote': '0.00000', 'timeInForce': 'GTC', 'type': 'LIMIT', 'reduceOnly': False, 'closePosition': False, 'side': 'BUY', 'positionSide': 'BOTH', 'stopPrice': '0.00', 'workingType': 'CONTRACT_PRICE', 'priceProtect': False, 'origType': 'LIMIT', 'priceMatch': 'NONE', 'selfTradePreventionMode': 'NONE', 'goodTillDate': 0, 'updateTime': 1731016089471}
2024-11-08 03:18:09,508 INFO:Placed grid orders at Sell: 76296.9, Buy: 75749.5
2024-11-08 03:18:09,671 INFO:SELL limit order placed: {'orderId': 4065408674, 'symbol': 'BTCUSDT', 'status': 'NEW', 'clientOrderId': 'x-Cb7ytekJ6ba702fa68f417e9bdeaa4', 'price': '76327.30', 'avgPrice': '0.00', 'origQty': '0.010', 'executedQty': '0.000', 'cumQty': '0.000', 'cumQuote': '0.00000', 'timeInForce': 'GTC', 'type': 'LIMIT', 'reduceOnly': False, 'closePosition': False, 'side': 'SELL', 'positionSide': 'BOTH', 'stopPrice': '0.00', 'workingType': 'CONTRACT_PRICE', 'priceProtect': False, 'origType': 'LIMIT', 'priceMatch': 'NONE', 'selfTradePreventionMode': 'NONE', 'goodTillDate': 0, 'updateTime': 1731016089627}
2024-11-08 03:18:09,680 INFO:SELL limit order placed: {'orderId': 1467703331, 'symbol': 'ETHUSDT', 'status': 'NEW', 'clientOrderId': 'x-Cb7ytekJ8a70d0ab75176bcb54f62a', 'price': '2904.44', 'avgPrice': '0.00', 'origQty': '0.010', 'executedQty': '0.000', 'cumQty': '0.000', 'cumQuote': '0.00000', 'timeInForce': 'GTC', 'type': 'LIMIT', 'reduceOnly': False, 'closePosition': False, 'side': 'SELL', 'positionSide': 'BOTH', 'stopPrice': '0.00', 'workingType': 'CONTRACT_PRICE', 'priceProtect': False, 'origType': 'LIMIT', 'priceMatch': 'NONE', 'selfTradePreventionMode': 'NONE', 'goodTillDate': 0, 'updateTime': 1731016089636}
2024-11-08 03:18:09,829 INFO:BUY limit order placed: {'orderId': 4065408675, 'symbol': 'BTCUSDT', 'status': 'NEW', 'clientOrderId': 'x-Cb7ytekJ65b835dc47614f88a031d8', 'price': '75719.10', 'avgPrice': '0.00', 'origQty': '0.010', 'executedQty': '0.000', 'cumQty': '0.000', 'cumQuote': '0.00000', 'timeInForce': 'GTC', 'type': 'LIMIT', 'reduceOnly': False, 'closePosition': False, 'side': 'BUY', 'positionSide': 'BOTH', 'stopPrice': '0.00', 'workingType': 'CONTRACT_PRICE', 'priceProtect': False, 'origType': 'LIMIT', 'priceMatch': 'NONE', 'selfTradePreventionMode': 'NONE', 'goodTillDate': 0, 'updateTime': 1731016089788}
2024-11-08 03:18:09,830 INFO:Placed grid orders at Sell: 76327.3, Buy: 75719.1
2024-11-08 03:18:09,841 INFO:BUY limit order placed: {'orderId': 1467703332, 'symbol': 'ETHUSDT', 'status': 'NEW', 'clientOrderId': 'x-Cb7ytekJ6b14af5b523690dfcb42ec', 'price': '2883.60', 'avgPrice': '0.00', 'origQty': '0.010', 'executedQty': '0.000', 'cumQty': '0.000', 'cumQuote': '0.00000', 'timeInForce': 'GTC', 'type': 'LIMIT', 'reduceOnly': False, 'closePosition': False, 'side': 'BUY', 'positionSide': 'BOTH', 'stopPrice': '0.00', 'workingType': 'CONTRACT_PRICE', 'priceProtect': False, 'origType': 'LIMIT', 'priceMatch': 'NONE', 'selfTradePreventionMode': 'NONE', 'goodTillDate': 0, 'updateTime': 1731016089801}
2024-11-08 03:18:09,841 INFO:Placed grid orders at Sell: 2904.44, Buy: 2883.6
2024-11-08 03:18:10,005 INFO:SELL limit order placed: {'orderId': 1467703334, 'symbol': 'ETHUSDT', 'status': 'NEW', 'clientOrderId': 'x-Cb7ytekJd558a461081694ec4e6774', 'price': '2905.59', 'avgPrice': '0.00', 'origQty': '0.010', 'executedQty': '0.000', 'cumQty': '0.000', 'cumQuote': '0.00000', 'timeInForce': 'GTC', 'type': 'LIMIT', 'reduceOnly': False, 'closePosition': False, 'side': 'SELL', 'positionSide': 'BOTH', 'stopPrice': '0.00', 'workingType': 'CONTRACT_PRICE', 'priceProtect': False, 'origType': 'LIMIT', 'priceMatch': 'NONE', 'selfTradePreventionMode': 'NONE', 'goodTillDate': 0, 'updateTime': 1731016089961}
2024-11-08 03:18:10,161 INFO:BUY limit order placed: {'orderId': 1467703335, 'symbol': 'ETHUSDT', 'status': 'NEW', 'clientOrderId': 'x-Cb7ytekJ69984de82716a6e7f1c910', 'price': '2882.44', 'avgPrice': '0.00', 'origQty': '0.010', 'executedQty': '0.000', 'cumQty': '0.000', 'cumQuote': '0.00000', 'timeInForce': 'GTC', 'type': 'LIMIT', 'reduceOnly': False, 'closePosition': False, 'side': 'BUY', 'positionSide': 'BOTH', 'stopPrice': '0.00', 'workingType': 'CONTRACT_PRICE', 'priceProtect': False, 'origType': 'LIMIT', 'priceMatch': 'NONE', 'selfTradePreventionMode': 'NONE', 'goodTillDate': 0, 'updateTime': 1731016090125}
2024-11-08 03:18:10,162 INFO:Placed grid orders at Sell: 2905.59, Buy: 2882.44
2024-11-08 03:18:20,260 INFO:Position detected: LONG for BTCUSDT
2024-11-08 03:18:20,600 INFO:Position detected: LONG for ETHUSDT
2024-11-08 03:18:21,131 INFO:Canceled order 4065408657 for BTCUSDT
2024-11-08 03:18:21,203 INFO:Canceled order 1467703322 for ETHUSDT
2024-11-08 03:18:21,284 INFO:Canceled order 4065408624 for BTCUSDT
2024-11-08 03:18:21,355 INFO:Canceled order 1467703320 for ETHUSDT
2024-11-08 03:18:21,512 INFO:Canceled order 4065408659 for BTCUSDT
2024-11-08 03:18:21,514 INFO:Canceled order 1467703326 for ETHUSDT
2024-11-08 03:18:21,953 INFO:Canceled order 1467703324 for ETHUSDT
2024-11-08 03:18:21,957 INFO:Canceled order 4065408674 for BTCUSDT
2024-11-08 03:18:22,386 INFO:Canceled order 1467703331 for ETHUSDT
2024-11-08 03:18:22,405 INFO:Canceled order 4065408645 for BTCUSDT
2024-11-08 03:18:22,544 INFO:Canceled order 1467703314 for ETHUSDT
2024-11-08 03:18:22,562 INFO:Canceled order 4065408667 for BTCUSDT
2024-11-08 03:18:22,702 INFO:Canceled order 1467703328 for ETHUSDT
2024-11-08 03:18:22,861 INFO:Canceled order 1467703318 for ETHUSDT
2024-11-08 03:18:22,997 INFO:Canceled order 4065408653 for BTCUSDT
2024-11-08 03:18:23,154 INFO:Canceled order 4065408669 for BTCUSDT
2024-11-08 03:18:23,291 INFO:Canceled order 1467703334 for ETHUSDT
2024-11-08 03:18:23,317 INFO:Canceled order 4065408655 for BTCUSDT
2024-11-08 03:18:23,720 INFO:Canceled order 1467703316 for ETHUSDT
2024-11-08 03:18:23,721 INFO:All SELL orders canceled for ETHUSDT
2024-11-08 03:18:23,768 INFO:Canceled order 4065408638 for BTCUSDT
2024-11-08 03:18:23,768 INFO:All SELL orders canceled for BTCUSDT
2024-11-08 03:18:23,873 INFO:Calculated TP level: Price=2975.7, Amount=0.1
2024-11-08 03:18:24,202 INFO:Calculated TP level: Price=79424.1, Amount=0.1
2024-11-08 03:18:24,336 INFO:SELL limit order placed: {'orderId': 1467703336, 'symbol': 'ETHUSDT', 'status': 'NEW', 'clientOrderId': 'x-Cb7ytekJ85f740f9244fe58776e01', 'price': '2975.70', 'avgPrice': '0.00', 'origQty': '0.100', 'executedQty': '0.000', 'cumQty': '0.000', 'cumQuote': '0.00000', 'timeInForce': 'GTC', 'type': 'LIMIT', 'reduceOnly': False, 'closePosition': False, 'side': 'SELL', 'positionSide': 'BOTH', 'stopPrice': '0.00', 'workingType': 'CONTRACT_PRICE', 'priceProtect': False, 'origType': 'LIMIT', 'priceMatch': 'NONE', 'selfTradePreventionMode': 'NONE', 'goodTillDate': 0, 'updateTime': 1731016104294}
2024-11-08 03:18:24,336 INFO:Placed take-profit order: SELL 2975.7 for ETHUSDT
2024-11-08 03:18:24,352 INFO:SELL limit order placed: {'orderId': 4065408688, 'symbol': 'BTCUSDT', 'status': 'NEW', 'clientOrderId': 'x-Cb7ytekJ51a7809519fc86b37d956c', 'price': '79424.10', 'avgPrice': '0.00', 'origQty': '0.100', 'executedQty': '0.000', 'cumQty': '0.000', 'cumQuote': '0.00000', 'timeInForce': 'GTC', 'type': 'LIMIT', 'reduceOnly': False, 'closePosition': False, 'side': 'SELL', 'positionSide': 'BOTH', 'stopPrice': '0.00', 'workingType': 'CONTRACT_PRICE', 'priceProtect': False, 'origType': 'LIMIT', 'priceMatch': 'NONE', 'selfTradePreventionMode': 'NONE', 'goodTillDate': 0, 'updateTime': 1731016104317}
2024-11-08 03:18:24,353 INFO:Placed take-profit order: SELL 79424.1 for BTCUSDT
2024-11-08 03:18:24,928 INFO:Calculated TP level: Price=2975.7, Amount=0.1
2024-11-08 03:18:24,939 INFO:Calculated TP level: Price=79424.1, Amount=0.1
2024-11-08 03:18:30,550 INFO:Calculated TP level: Price=79424.1, Amount=0.1
2024-11-08 03:18:30,807 INFO:Calculated TP level: Price=2975.7, Amount=0.1
2024-11-08 03:18:36,426 INFO:Calculated TP level: Price=79424.1, Amount=0.1
2024-11-08 03:18:36,668 INFO:Calculated TP level: Price=2975.7, Amount=0.1
2024-11-08 03:18:42,252 INFO:Calculated TP level: Price=2975.7, Amount=0.1
2024-11-08 03:18:42,298 INFO:Calculated TP level: Price=79424.1, Amount=0.1
2024-11-08 03:18:47,843 INFO:Calculated TP level: Price=2975.7, Amount=0.1
2024-11-08 03:18:48,200 INFO:Calculated TP level: Price=79424.1, Amount=0.1
2024-11-08 03:18:53,707 INFO:Calculated TP level: Price=2975.7, Amount=0.1
2024-11-08 03:18:54,088 INFO:Calculated TP level: Price=79424.1, Amount=0.1
2024-11-08 03:18:59,593 INFO:Calculated TP level: Price=2975.7, Amount=0.1
2024-11-08 03:18:59,965 INFO:Calculated TP level: Price=79424.1, Amount=0.1
2024-11-08 03:19:05,182 INFO:Calculated TP level: Price=2975.7, Amount=0.1
2024-11-08 03:19:05,562 INFO:Calculated TP level: Price=79424.1, Amount=0.1
2024-11-08 03:19:11,065 INFO:Calculated TP level: Price=2975.7, Amount=0.1
2024-11-08 03:19:11,476 INFO:Calculated TP level: Price=79424.1, Amount=0.1
2024-11-08 03:19:16,656 INFO:Calculated TP level: Price=2975.7, Amount=0.1
2024-11-08 03:19:17,358 INFO:Calculated TP level: Price=79424.1, Amount=0.1
2024-11-08 03:19:22,528 INFO:Calculated TP level: Price=2975.7, Amount=0.1
2024-11-08 03:19:22,947 INFO:Calculated TP level: Price=79424.1, Amount=0.1
2024-11-08 03:19:28,406 INFO:Calculated TP level: Price=2975.7, Amount=0.1
2024-11-08 03:19:28,532 INFO:Calculated TP level: Price=79424.1, Amount=0.1
2024-11-08 03:19:34,006 INFO:Calculated TP level: Price=2975.7, Amount=0.1
2024-11-08 03:19:34,397 INFO:Calculated TP level: Price=79424.1, Amount=0.1
2024-11-08 03:19:39,593 INFO:Calculated TP level: Price=2975.7, Amount=0.1
2024-11-08 03:19:39,990 INFO:Calculated TP level: Price=79424.1, Amount=0.1
2024-11-08 03:19:45,457 INFO:Calculated TP level: Price=2975.7, Amount=0.1
2024-11-08 03:19:45,875 INFO:Calculated TP level: Price=79424.1, Amount=0.1
2024-11-08 03:19:51,050 INFO:Calculated TP level: Price=2975.7, Amount=0.1
2024-11-08 03:19:51,737 INFO:Calculated TP level: Price=79424.1, Amount=0.1
2024-11-08 03:19:56,646 INFO:Calculated TP level: Price=2975.7, Amount=0.1
2024-11-08 03:19:57,616 INFO:Calculated TP level: Price=79424.1, Amount=0.1
2024-11-08 03:20:02,300 INFO:Calculated TP level: Price=2975.7, Amount=0.1
2024-11-08 03:20:03,219 INFO:Calculated TP level: Price=79424.1, Amount=0.1
2024-11-08 03:20:07,889 INFO:Calculated TP level: Price=2975.7, Amount=0.1
2024-11-08 03:20:08,811 INFO:Calculated TP level: Price=79424.1, Amount=0.1
2024-11-08 03:20:13,755 INFO:Calculated TP level: Price=2975.7, Amount=0.1
2024-11-08 03:20:14,397 INFO:Calculated TP level: Price=79424.1, Amount=0.1
2024-11-08 03:20:19,068 INFO:Calculated TP level: Price=2975.7, Amount=0.1
2024-11-08 03:20:19,979 INFO:Calculated TP level: Price=79424.1, Amount=0.1
2024-11-08 03:20:24,646 INFO:Calculated TP level: Price=2975.7, Amount=0.1
2024-11-08 03:20:25,584 INFO:Calculated TP level: Price=79424.1, Amount=0.1
2024-11-08 03:20:30,246 INFO:Calculated TP level: Price=2975.7, Amount=0.1
2024-11-08 03:20:31,206 INFO:Calculated TP level: Price=79424.1, Amount=0.1
2024-11-08 03:20:36,132 INFO:Calculated TP level: Price=2975.7, Amount=0.1
2024-11-08 03:20:36,815 INFO:Calculated TP level: Price=79424.1, Amount=0.1
2024-11-08 03:20:41,748 INFO:Calculated TP level: Price=2975.7, Amount=0.1
2024-11-08 03:20:42,409 INFO:Calculated TP level: Price=79424.1, Amount=0.1
2024-11-08 03:20:47,338 INFO:Calculated TP level: Price=2975.7, Amount=0.1
2024-11-08 03:20:47,996 INFO:Calculated TP level: Price=79424.1, Amount=0.1
2024-11-08 03:20:52,927 INFO:Calculated TP level: Price=2975.7, Amount=0.1
2024-11-08 03:20:53,881 INFO:Calculated TP level: Price=79424.1, Amount=0.1
2024-11-08 03:20:58,596 INFO:Calculated TP level: Price=2975.7, Amount=0.1
2024-11-08 03:20:59,746 INFO:Calculated TP level: Price=79424.1, Amount=0.1
2024-11-08 03:21:04,209 INFO:Calculated TP level: Price=2975.7, Amount=0.1
2024-11-08 03:21:05,334 INFO:Calculated TP level: Price=79424.1, Amount=0.1
2024-11-08 03:21:10,083 INFO:Calculated TP level: Price=2975.7, Amount=0.1
2024-11-08 03:21:11,209 INFO:Calculated TP level: Price=79424.1, Amount=0.1
2024-11-08 03:21:15,967 INFO:Calculated TP level: Price=2975.7, Amount=0.1
2024-11-08 03:21:16,800 INFO:Calculated TP level: Price=79424.1, Amount=0.1
2024-11-08 03:21:21,846 INFO:Calculated TP level: Price=2975.7, Amount=0.1
2024-11-08 03:21:22,403 INFO:Calculated TP level: Price=79424.1, Amount=0.1
2024-11-08 03:21:27,439 INFO:Calculated TP level: Price=2975.7, Amount=0.1
2024-11-08 03:21:27,991 INFO:Calculated TP level: Price=79424.1, Amount=0.1
2024-11-08 03:21:33,314 INFO:Calculated TP level: Price=2975.7, Amount=0.1
2024-11-08 03:21:33,620 INFO:Calculated TP level: Price=79424.1, Amount=0.1
2024-11-08 03:21:38,927 INFO:Calculated TP level: Price=2975.7, Amount=0.1
2024-11-08 03:21:39,509 INFO:Calculated TP level: Price=79424.1, Amount=0.1
2024-11-08 03:21:44,831 INFO:Calculated TP level: Price=2975.7, Amount=0.1
2024-11-08 03:21:45,101 INFO:Calculated TP level: Price=79424.1, Amount=0.1
2024-11-08 03:21:50,704 INFO:Calculated TP level: Price=2975.7, Amount=0.1
2024-11-08 03:21:50,988 INFO:Calculated TP level: Price=79424.1, Amount=0.1
2024-11-08 03:21:56,290 INFO:Calculated TP level: Price=2975.7, Amount=0.1
2024-11-08 03:21:56,876 INFO:Calculated TP level: Price=79424.1, Amount=0.1
2024-11-08 03:22:01,883 INFO:Calculated TP level: Price=2975.7, Amount=0.1
2024-11-08 03:22:02,466 INFO:Calculated TP level: Price=79424.1, Amount=0.1
2024-11-08 03:22:07,497 INFO:Calculated TP level: Price=2975.7, Amount=0.1
2024-11-08 03:22:08,064 INFO:Calculated TP level: Price=79424.1, Amount=0.1
2024-11-08 03:22:13,095 INFO:Calculated TP level: Price=2975.7, Amount=0.1
2024-11-08 03:22:13,940 INFO:Calculated TP level: Price=79424.1, Amount=0.1
2024-11-08 03:22:18,975 INFO:Calculated TP level: Price=2975.7, Amount=0.1
2024-11-08 03:22:19,530 INFO:Calculated TP level: Price=79424.1, Amount=0.1
2024-11-08 03:22:24,283 INFO:Calculated TP level: Price=2975.7, Amount=0.1
2024-11-08 03:22:25,402 INFO:Calculated TP level: Price=79424.1, Amount=0.1
2024-11-08 03:22:29,876 INFO:Calculated TP level: Price=2975.7, Amount=0.1
2024-11-08 03:22:31,275 INFO:Calculated TP level: Price=79424.1, Amount=0.1
2024-11-08 03:22:35,463 INFO:Calculated TP level: Price=2975.7, Amount=0.1
2024-11-08 03:22:36,887 INFO:Calculated TP level: Price=79424.1, Amount=0.1
2024-11-08 03:22:41,356 INFO:Calculated TP level: Price=2975.7, Amount=0.1
2024-11-08 03:22:42,486 INFO:Calculated TP level: Price=79424.1, Amount=0.1
2024-11-08 03:22:46,942 INFO:Calculated TP level: Price=2975.7, Amount=0.1
2024-11-08 03:22:48,066 INFO:Calculated TP level: Price=79424.1, Amount=0.1
2024-11-08 03:22:52,533 INFO:Calculated TP level: Price=2975.7, Amount=0.1
2024-11-08 03:22:53,956 INFO:Calculated TP level: Price=79424.1, Amount=0.1
2024-11-08 03:22:58,423 INFO:Calculated TP level: Price=2975.7, Amount=0.1
2024-11-08 03:22:59,261 INFO:Calculated TP level: Price=79424.1, Amount=0.1
2024-11-08 03:23:04,007 INFO:Calculated TP level: Price=2975.7, Amount=0.1
2024-11-08 03:23:04,871 INFO:Calculated TP level: Price=79424.1, Amount=0.1
2024-11-08 03:23:09,622 INFO:Calculated TP level: Price=2975.7, Amount=0.1
2024-11-08 03:23:10,467 INFO:Calculated TP level: Price=79424.1, Amount=0.1
2024-11-08 03:23:15,222 INFO:Calculated TP level: Price=2975.7, Amount=0.1
2024-11-08 03:23:16,084 INFO:Calculated TP level: Price=79424.1, Amount=0.1
2024-11-08 03:23:21,089 INFO:Calculated TP level: Price=2975.7, Amount=0.1
2024-11-08 03:23:21,946 INFO:Calculated TP level: Price=79424.1, Amount=0.1
2024-11-08 03:23:26,536 INFO:Position direction changed from LONG to FLAT
2024-11-08 03:23:27,127 INFO:Canceled order 1467703336 for ETHUSDT
2024-11-08 03:23:27,127 INFO:All orders canceled for ETHUSDT
2024-11-08 03:23:27,848 INFO:Calculated TP level: Price=79424.1, Amount=0.1
2024-11-08 03:23:33,741 INFO:Calculated TP level: Price=79424.1, Amount=0.1
2024-11-08 03:23:37,579 INFO:No open positions for ETHUSDT. Drawing grid...
2024-11-08 03:23:38,471 INFO:SELL limit order placed: {'orderId': 1467703516, 'symbol': 'ETHUSDT', 'status': 'NEW', 'clientOrderId': 'x-Cb7ytekJ66c40d0a2f243b1defbb39', 'price': '2893.24', 'avgPrice': '0.00', 'origQty': '0.010', 'executedQty': '0.000', 'cumQty': '0.000', 'cumQuote': '0.00000', 'timeInForce': 'GTC', 'type': 'LIMIT', 'reduceOnly': False, 'closePosition': False, 'side': 'SELL', 'positionSide': 'BOTH', 'stopPrice': '0.00', 'workingType': 'CONTRACT_PRICE', 'priceProtect': False, 'origType': 'LIMIT', 'priceMatch': 'NONE', 'selfTradePreventionMode': 'NONE', 'goodTillDate': 0, 'updateTime': 1731016418425}
2024-11-08 03:23:38,628 INFO:BUY limit order placed: {'orderId': 1467703517, 'symbol': 'ETHUSDT', 'status': 'NEW', 'clientOrderId': 'x-Cb7ytekJ26ca72aca4bca8ec361d65', 'price': '2890.93', 'avgPrice': '0.00', 'origQty': '0.010', 'executedQty': '0.000', 'cumQty': '0.000', 'cumQuote': '0.00000', 'timeInForce': 'GTC', 'type': 'LIMIT', 'reduceOnly': False, 'closePosition': False, 'side': 'BUY', 'positionSide': 'BOTH', 'stopPrice': '0.00', 'workingType': 'CONTRACT_PRICE', 'priceProtect': False, 'origType': 'LIMIT', 'priceMatch': 'NONE', 'selfTradePreventionMode': 'NONE', 'goodTillDate': 0, 'updateTime': 1731016418586}
2024-11-08 03:23:38,628 INFO:Placed grid orders at Sell: 2893.24, Buy: 2890.93
2024-11-08 03:23:39,057 INFO:Calculated TP level: Price=79424.1, Amount=0.1
2024-11-08 03:23:39,059 INFO:SELL limit order placed: {'orderId': 1467703518, 'symbol': 'ETHUSDT', 'status': 'NEW', 'clientOrderId': 'x-Cb7ytekJ679bd37c4c7f9ae54a995a', 'price': '2894.40', 'avgPrice': '0.00', 'origQty': '0.010', 'executedQty': '0.000', 'cumQty': '0.000', 'cumQuote': '0.00000', 'timeInForce': 'GTC', 'type': 'LIMIT', 'reduceOnly': False, 'closePosition': False, 'side': 'SELL', 'positionSide': 'BOTH', 'stopPrice': '0.00', 'workingType': 'CONTRACT_PRICE', 'priceProtect': False, 'origType': 'LIMIT', 'priceMatch': 'NONE', 'selfTradePreventionMode': 'NONE', 'goodTillDate': 0, 'updateTime': 1731016419022}
2024-11-08 03:23:39,221 INFO:BUY limit order placed: {'orderId': 1467703519, 'symbol': 'ETHUSDT', 'status': 'NEW', 'clientOrderId': 'x-Cb7ytekJ683aff56c58acd8c5a869d', 'price': '2889.77', 'avgPrice': '0.00', 'origQty': '0.010', 'executedQty': '0.000', 'cumQty': '0.000', 'cumQuote': '0.00000', 'timeInForce': 'GTC', 'type': 'LIMIT', 'reduceOnly': False, 'closePosition': False, 'side': 'BUY', 'positionSide': 'BOTH', 'stopPrice': '0.00', 'workingType': 'CONTRACT_PRICE', 'priceProtect': False, 'origType': 'LIMIT', 'priceMatch': 'NONE', 'selfTradePreventionMode': 'NONE', 'goodTillDate': 0, 'updateTime': 1731016419183}
2024-11-08 03:23:39,222 INFO:Placed grid orders at Sell: 2894.4, Buy: 2889.77
2024-11-08 03:23:39,660 INFO:SELL limit order placed: {'orderId': 1467703521, 'symbol': 'ETHUSDT', 'status': 'NEW', 'clientOrderId': 'x-Cb7ytekJeeb4b1cee0f1bc4c13f252', 'price': '2895.56', 'avgPrice': '0.00', 'origQty': '0.010', 'executedQty': '0.000', 'cumQty': '0.000', 'cumQuote': '0.00000', 'timeInForce': 'GTC', 'type': 'LIMIT', 'reduceOnly': False, 'closePosition': False, 'side': 'SELL', 'positionSide': 'BOTH', 'stopPrice': '0.00', 'workingType': 'CONTRACT_PRICE', 'priceProtect': False, 'origType': 'LIMIT', 'priceMatch': 'NONE', 'selfTradePreventionMode': 'NONE', 'goodTillDate': 0, 'updateTime': 1731016419621}
2024-11-08 03:23:39,816 INFO:BUY limit order placed: {'orderId': 1467703522, 'symbol': 'ETHUSDT', 'status': 'NEW', 'clientOrderId': 'x-Cb7ytekJaa0cc92234c846105e9b10', 'price': '2888.62', 'avgPrice': '0.00', 'origQty': '0.010', 'executedQty': '0.000', 'cumQty': '0.000', 'cumQuote': '0.00000', 'timeInForce': 'GTC', 'type': 'LIMIT', 'reduceOnly': False, 'closePosition': False, 'side': 'BUY', 'positionSide': 'BOTH', 'stopPrice': '0.00', 'workingType': 'CONTRACT_PRICE', 'priceProtect': False, 'origType': 'LIMIT', 'priceMatch': 'NONE', 'selfTradePreventionMode': 'NONE', 'goodTillDate': 0, 'updateTime': 1731016419779}
2024-11-08 03:23:39,817 INFO:Placed grid orders at Sell: 2895.56, Buy: 2888.62
2024-11-08 03:23:39,974 INFO:SELL limit order placed: {'orderId': 1467703523, 'symbol': 'ETHUSDT', 'status': 'NEW', 'clientOrderId': 'x-Cb7ytekJbbf02c685833ee8225e117', 'price': '2896.71', 'avgPrice': '0.00', 'origQty': '0.010', 'executedQty': '0.000', 'cumQty': '0.000', 'cumQuote': '0.00000', 'timeInForce': 'GTC', 'type': 'LIMIT', 'reduceOnly': False, 'closePosition': False, 'side': 'SELL', 'positionSide': 'BOTH', 'stopPrice': '0.00', 'workingType': 'CONTRACT_PRICE', 'priceProtect': False, 'origType': 'LIMIT', 'priceMatch': 'NONE', 'selfTradePreventionMode': 'NONE', 'goodTillDate': 0, 'updateTime': 1731016419933}
2024-11-08 03:23:40,413 INFO:BUY limit order placed: {'orderId': 1467703524, 'symbol': 'ETHUSDT', 'status': 'NEW', 'clientOrderId': 'x-Cb7ytekJ8a4a1ec21c40e28bfa03ed', 'price': '2887.46', 'avgPrice': '0.00', 'origQty': '0.010', 'executedQty': '0.000', 'cumQty': '0.000', 'cumQuote': '0.00000', 'timeInForce': 'GTC', 'type': 'LIMIT', 'reduceOnly': False, 'closePosition': False, 'side': 'BUY', 'positionSide': 'BOTH', 'stopPrice': '0.00', 'workingType': 'CONTRACT_PRICE', 'priceProtect': False, 'origType': 'LIMIT', 'priceMatch': 'NONE', 'selfTradePreventionMode': 'NONE', 'goodTillDate': 0, 'updateTime': 1731016420375}
2024-11-08 03:23:40,414 INFO:Placed grid orders at Sell: 2896.71, Buy: 2887.46
2024-11-08 03:23:40,847 INFO:SELL limit order placed: {'orderId': 1467703525, 'symbol': 'ETHUSDT', 'status': 'NEW', 'clientOrderId': 'x-Cb7ytekJ230f69cbe2961ca650f6d6', 'price': '2897.87', 'avgPrice': '0.00', 'origQty': '0.010', 'executedQty': '0.000', 'cumQty': '0.000', 'cumQuote': '0.00000', 'timeInForce': 'GTC', 'type': 'LIMIT', 'reduceOnly': False, 'closePosition': False, 'side': 'SELL', 'positionSide': 'BOTH', 'stopPrice': '0.00', 'workingType': 'CONTRACT_PRICE', 'priceProtect': False, 'origType': 'LIMIT', 'priceMatch': 'NONE', 'selfTradePreventionMode': 'NONE', 'goodTillDate': 0, 'updateTime': 1731016420809}
2024-11-08 03:23:41,289 INFO:BUY limit order placed: {'orderId': 1467703527, 'symbol': 'ETHUSDT', 'status': 'NEW', 'clientOrderId': 'x-Cb7ytekJb72750b6341a8968609dc5', 'price': '2886.30', 'avgPrice': '0.00', 'origQty': '0.010', 'executedQty': '0.000', 'cumQty': '0.000', 'cumQuote': '0.00000', 'timeInForce': 'GTC', 'type': 'LIMIT', 'reduceOnly': False, 'closePosition': False, 'side': 'BUY', 'positionSide': 'BOTH', 'stopPrice': '0.00', 'workingType': 'CONTRACT_PRICE', 'priceProtect': False, 'origType': 'LIMIT', 'priceMatch': 'NONE', 'selfTradePreventionMode': 'NONE', 'goodTillDate': 0, 'updateTime': 1731016421250}
2024-11-08 03:23:41,290 INFO:Placed grid orders at Sell: 2897.87, Buy: 2886.3
2024-11-08 03:23:41,717 INFO:SELL limit order placed: {'orderId': 1467703528, 'symbol': 'ETHUSDT', 'status': 'NEW', 'clientOrderId': 'x-Cb7ytekJ93e1c8911df10cb4dbffff', 'price': '2899.03', 'avgPrice': '0.00', 'origQty': '0.010', 'executedQty': '0.000', 'cumQty': '0.000', 'cumQuote': '0.00000', 'timeInForce': 'GTC', 'type': 'LIMIT', 'reduceOnly': False, 'closePosition': False, 'side': 'SELL', 'positionSide': 'BOTH', 'stopPrice': '0.00', 'workingType': 'CONTRACT_PRICE', 'priceProtect': False, 'origType': 'LIMIT', 'priceMatch': 'NONE', 'selfTradePreventionMode': 'NONE', 'goodTillDate': 0, 'updateTime': 1731016421679}
2024-11-08 03:23:41,878 INFO:BUY limit order placed: {'orderId': 1467703529, 'symbol': 'ETHUSDT', 'status': 'NEW', 'clientOrderId': 'x-Cb7ytekJ6e40d3c534c57e7ede4d15', 'price': '2885.15', 'avgPrice': '0.00', 'origQty': '0.010', 'executedQty': '0.000', 'cumQty': '0.000', 'cumQuote': '0.00000', 'timeInForce': 'GTC', 'type': 'LIMIT', 'reduceOnly': False, 'closePosition': False, 'side': 'BUY', 'positionSide': 'BOTH', 'stopPrice': '0.00', 'workingType': 'CONTRACT_PRICE', 'priceProtect': False, 'origType': 'LIMIT', 'priceMatch': 'NONE', 'selfTradePreventionMode': 'NONE', 'goodTillDate': 0, 'updateTime': 1731016421838}
2024-11-08 03:23:41,878 INFO:Placed grid orders at Sell: 2899.03, Buy: 2885.15
2024-11-08 03:23:42,317 INFO:SELL limit order placed: {'orderId': 1467703532, 'symbol': 'ETHUSDT', 'status': 'NEW', 'clientOrderId': 'x-Cb7ytekJ4ec905a3ce89eead0daf7e', 'price': '2900.18', 'avgPrice': '0.00', 'origQty': '0.010', 'executedQty': '0.000', 'cumQty': '0.000', 'cumQuote': '0.00000', 'timeInForce': 'GTC', 'type': 'LIMIT', 'reduceOnly': False, 'closePosition': False, 'side': 'SELL', 'positionSide': 'BOTH', 'stopPrice': '0.00', 'workingType': 'CONTRACT_PRICE', 'priceProtect': False, 'origType': 'LIMIT', 'priceMatch': 'NONE', 'selfTradePreventionMode': 'NONE', 'goodTillDate': 0, 'updateTime': 1731016422275}
2024-11-08 03:23:42,759 INFO:BUY limit order placed: {'orderId': 1467703535, 'symbol': 'ETHUSDT', 'status': 'NEW', 'clientOrderId': 'x-Cb7ytekJc31c49b36b632dceb983eb', 'price': '2883.99', 'avgPrice': '0.00', 'origQty': '0.010', 'executedQty': '0.000', 'cumQty': '0.000', 'cumQuote': '0.00000', 'timeInForce': 'GTC', 'type': 'LIMIT', 'reduceOnly': False, 'closePosition': False, 'side': 'BUY', 'positionSide': 'BOTH', 'stopPrice': '0.00', 'workingType': 'CONTRACT_PRICE', 'priceProtect': False, 'origType': 'LIMIT', 'priceMatch': 'NONE', 'selfTradePreventionMode': 'NONE', 'goodTillDate': 0, 'updateTime': 1731016422719}
2024-11-08 03:23:42,759 INFO:Placed grid orders at Sell: 2900.18, Buy: 2883.99
2024-11-08 03:23:43,205 INFO:SELL limit order placed: {'orderId': 1467703536, 'symbol': 'ETHUSDT', 'status': 'NEW', 'clientOrderId': 'x-Cb7ytekJf055c129d51e7a406ec', 'price': '2901.34', 'avgPrice': '0.00', 'origQty': '0.010', 'executedQty': '0.000', 'cumQty': '0.000', 'cumQuote': '0.00000', 'timeInForce': 'GTC', 'type': 'LIMIT', 'reduceOnly': False, 'closePosition': False, 'side': 'SELL', 'positionSide': 'BOTH', 'stopPrice': '0.00', 'workingType': 'CONTRACT_PRICE', 'priceProtect': False, 'origType': 'LIMIT', 'priceMatch': 'NONE', 'selfTradePreventionMode': 'NONE', 'goodTillDate': 0, 'updateTime': 1731016423166}
2024-11-08 03:23:43,645 INFO:BUY limit order placed: {'orderId': 1467703537, 'symbol': 'ETHUSDT', 'status': 'NEW', 'clientOrderId': 'x-Cb7ytekJcdcb50b2be47813c4894e6', 'price': '2882.83', 'avgPrice': '0.00', 'origQty': '0.010', 'executedQty': '0.000', 'cumQty': '0.000', 'cumQuote': '0.00000', 'timeInForce': 'GTC', 'type': 'LIMIT', 'reduceOnly': False, 'closePosition': False, 'side': 'BUY', 'positionSide': 'BOTH', 'stopPrice': '0.00', 'workingType': 'CONTRACT_PRICE', 'priceProtect': False, 'origType': 'LIMIT', 'priceMatch': 'NONE', 'selfTradePreventionMode': 'NONE', 'goodTillDate': 0, 'updateTime': 1731016423602}
2024-11-08 03:23:43,646 INFO:Placed grid orders at Sell: 2901.34, Buy: 2882.83
2024-11-08 03:23:44,075 INFO:SELL limit order placed: {'orderId': 1467703538, 'symbol': 'ETHUSDT', 'status': 'NEW', 'clientOrderId': 'x-Cb7ytekJcf66ac8021a603f189bc7', 'price': '2902.50', 'avgPrice': '0.00', 'origQty': '0.010', 'executedQty': '0.000', 'cumQty': '0.000', 'cumQuote': '0.00000', 'timeInForce': 'GTC', 'type': 'LIMIT', 'reduceOnly': False, 'closePosition': False, 'side': 'SELL', 'positionSide': 'BOTH', 'stopPrice': '0.00', 'workingType': 'CONTRACT_PRICE', 'priceProtect': False, 'origType': 'LIMIT', 'priceMatch': 'NONE', 'selfTradePreventionMode': 'NONE', 'goodTillDate': 0, 'updateTime': 1731016424037}
2024-11-08 03:23:44,228 INFO:BUY limit order placed: {'orderId': 1467703540, 'symbol': 'ETHUSDT', 'status': 'NEW', 'clientOrderId': 'x-Cb7ytekJ9bd66201618e425485d352', 'price': '2881.68', 'avgPrice': '0.00', 'origQty': '0.010', 'executedQty': '0.000', 'cumQty': '0.000', 'cumQuote': '0.00000', 'timeInForce': 'GTC', 'type': 'LIMIT', 'reduceOnly': False, 'closePosition': False, 'side': 'BUY', 'positionSide': 'BOTH', 'stopPrice': '0.00', 'workingType': 'CONTRACT_PRICE', 'priceProtect': False, 'origType': 'LIMIT', 'priceMatch': 'NONE', 'selfTradePreventionMode': 'NONE', 'goodTillDate': 0, 'updateTime': 1731016424190}
2024-11-08 03:23:44,228 INFO:Placed grid orders at Sell: 2902.5, Buy: 2881.68
2024-11-08 03:23:44,392 INFO:SELL limit order placed: {'orderId': 1467703541, 'symbol': 'ETHUSDT', 'status': 'NEW', 'clientOrderId': 'x-Cb7ytekJd514979b8009097857be6b', 'price': '2903.66', 'avgPrice': '0.00', 'origQty': '0.010', 'executedQty': '0.000', 'cumQty': '0.000', 'cumQuote': '0.00000', 'timeInForce': 'GTC', 'type': 'LIMIT', 'reduceOnly': False, 'closePosition': False, 'side': 'SELL', 'positionSide': 'BOTH', 'stopPrice': '0.00', 'workingType': 'CONTRACT_PRICE', 'priceProtect': False, 'origType': 'LIMIT', 'priceMatch': 'NONE', 'selfTradePreventionMode': 'NONE', 'goodTillDate': 0, 'updateTime': 1731016424349}
2024-11-08 03:23:44,657 INFO:Calculated TP level: Price=79424.1, Amount=0.1
2024-11-08 03:23:44,844 INFO:BUY limit order placed: {'orderId': 1467703542, 'symbol': 'ETHUSDT', 'status': 'NEW', 'clientOrderId': 'x-Cb7ytekJ747e7fb48c3ded6b2e8224', 'price': '2880.52', 'avgPrice': '0.00', 'origQty': '0.010', 'executedQty': '0.000', 'cumQty': '0.000', 'cumQuote': '0.00000', 'timeInForce': 'GTC', 'type': 'LIMIT', 'reduceOnly': False, 'closePosition': False, 'side': 'BUY', 'positionSide': 'BOTH', 'stopPrice': '0.00', 'workingType': 'CONTRACT_PRICE', 'priceProtect': False, 'origType': 'LIMIT', 'priceMatch': 'NONE', 'selfTradePreventionMode': 'NONE', 'goodTillDate': 0, 'updateTime': 1731016424798}
2024-11-08 03:23:44,844 INFO:Placed grid orders at Sell: 2903.66, Buy: 2880.52
2024-11-08 03:23:50,247 INFO:Calculated TP level: Price=79424.1, Amount=0.1
2024-11-08 03:23:55,281 INFO:Position detected: LONG for ETHUSDT
2024-11-08 03:23:56,117 INFO:Calculated TP level: Price=79424.1, Amount=0.1
2024-11-08 03:23:56,146 INFO:Canceled order 1467703528 for ETHUSDT
2024-11-08 03:23:56,582 INFO:Canceled order 1467703518 for ETHUSDT
2024-11-08 03:23:57,017 INFO:Canceled order 1467703516 for ETHUSDT
2024-11-08 03:23:57,445 INFO:Canceled order 1467703532 for ETHUSDT
2024-11-08 03:23:57,597 INFO:Canceled order 1467703523 for ETHUSDT
2024-11-08 03:23:58,057 INFO:Canceled order 1467703538 for ETHUSDT
2024-11-08 03:23:58,214 INFO:Canceled order 1467703521 for ETHUSDT
2024-11-08 03:23:58,654 INFO:Canceled order 1467703536 for ETHUSDT
2024-11-08 03:23:58,809 INFO:Canceled order 1467703525 for ETHUSDT
2024-11-08 03:23:59,240 INFO:Canceled order 1467703541 for ETHUSDT
2024-11-08 03:23:59,240 INFO:All SELL orders canceled for ETHUSDT
2024-11-08 03:23:59,678 INFO:Calculated TP level: Price=2972.66, Amount=0.1
2024-11-08 03:24:00,108 INFO:SELL limit order placed: {'orderId': 1467703545, 'symbol': 'ETHUSDT', 'status': 'NEW', 'clientOrderId': 'x-Cb7ytekJ494b0b537fbace4f384aa5', 'price': '2972.66', 'avgPrice': '0.00', 'origQty': '0.100', 'executedQty': '0.000', 'cumQty': '0.000', 'cumQuote': '0.00000', 'timeInForce': 'GTC', 'type': 'LIMIT', 'reduceOnly': False, 'closePosition': False, 'side': 'SELL', 'positionSide': 'BOTH', 'stopPrice': '0.00', 'workingType': 'CONTRACT_PRICE', 'priceProtect': False, 'origType': 'LIMIT', 'priceMatch': 'NONE', 'selfTradePreventionMode': 'NONE', 'goodTillDate': 0, 'updateTime': 1731016440069}
2024-11-08 03:24:00,108 INFO:Placed take-profit order: SELL 2972.66 for ETHUSDT
2024-11-08 03:24:00,707 INFO:Calculated TP level: Price=2972.66, Amount=0.1
2024-11-08 03:24:02,009 INFO:Calculated TP level: Price=79424.1, Amount=0.1
2024-11-08 03:24:06,585 INFO:Calculated TP level: Price=2972.66, Amount=0.1
2024-11-08 03:24:07,892 INFO:Calculated TP level: Price=79424.1, Amount=0.1
2024-11-08 03:24:12,177 INFO:Calculated TP level: Price=2972.66, Amount=0.1
2024-11-08 03:24:13,783 INFO:Calculated TP level: Price=79424.1, Amount=0.1
2024-11-08 03:24:17,336 INFO:Position direction changed from LONG to FLAT
2024-11-08 03:24:17,931 INFO:Canceled order 1467703545 for ETHUSDT
2024-11-08 03:24:17,932 INFO:All orders canceled for ETHUSDT
2024-11-08 03:24:19,674 INFO:Calculated TP level: Price=79424.1, Amount=0.1
2024-11-08 03:24:25,571 INFO:Calculated TP level: Price=79424.1, Amount=0.1
2024-11-08 03:24:28,090 INFO:No open positions for ETHUSDT. Drawing grid...
2024-11-08 03:24:28,956 INFO:SELL limit order placed: {'orderId': 1467703559, 'symbol': 'ETHUSDT', 'status': 'NEW', 'clientOrderId': 'x-Cb7ytekJ782ae8912ba30cdfbbda87', 'price': '2890.70', 'avgPrice': '0.00', 'origQty': '0.010', 'executedQty': '0.000', 'cumQty': '0.000', 'cumQuote': '0.00000', 'timeInForce': 'GTC', 'type': 'LIMIT', 'reduceOnly': False, 'closePosition': False, 'side': 'SELL', 'positionSide': 'BOTH', 'stopPrice': '0.00', 'workingType': 'CONTRACT_PRICE', 'priceProtect': False, 'origType': 'LIMIT', 'priceMatch': 'NONE', 'selfTradePreventionMode': 'NONE', 'goodTillDate': 0, 'updateTime': 1731016468914}
2024-11-08 03:24:29,107 INFO:BUY limit order placed: {'orderId': 1467703560, 'symbol': 'ETHUSDT', 'status': 'NEW', 'clientOrderId': 'x-Cb7ytekJd3b7a459744276856991', 'price': '2888.38', 'avgPrice': '0.00', 'origQty': '0.010', 'executedQty': '0.000', 'cumQty': '0.000', 'cumQuote': '0.00000', 'timeInForce': 'GTC', 'type': 'LIMIT', 'reduceOnly': False, 'closePosition': False, 'side': 'BUY', 'positionSide': 'BOTH', 'stopPrice': '0.00', 'workingType': 'CONTRACT_PRICE', 'priceProtect': False, 'origType': 'LIMIT', 'priceMatch': 'NONE', 'selfTradePreventionMode': 'NONE', 'goodTillDate': 0, 'updateTime': 1731016469068}
2024-11-08 03:24:29,107 INFO:Placed grid orders at Sell: 2890.7, Buy: 2888.38
2024-11-08 03:24:29,538 INFO:SELL limit order placed: {'orderId': 1467703561, 'symbol': 'ETHUSDT', 'status': 'NEW', 'clientOrderId': 'x-Cb7ytekJ832877d11369b84459e483', 'price': '2891.85', 'avgPrice': '0.00', 'origQty': '0.010', 'executedQty': '0.000', 'cumQty': '0.000', 'cumQuote': '0.00000', 'timeInForce': 'GTC', 'type': 'LIMIT', 'reduceOnly': False, 'closePosition': False, 'side': 'SELL', 'positionSide': 'BOTH', 'stopPrice': '0.00', 'workingType': 'CONTRACT_PRICE', 'priceProtect': False, 'origType': 'LIMIT', 'priceMatch': 'NONE', 'selfTradePreventionMode': 'NONE', 'goodTillDate': 0, 'updateTime': 1731016469496}
2024-11-08 03:24:29,696 INFO:BUY limit order placed: {'orderId': 1467703562, 'symbol': 'ETHUSDT', 'status': 'NEW', 'clientOrderId': 'x-Cb7ytekJf6659e7f62c653492ec200', 'price': '2887.23', 'avgPrice': '0.00', 'origQty': '0.010', 'executedQty': '0.000', 'cumQty': '0.000', 'cumQuote': '0.00000', 'timeInForce': 'GTC', 'type': 'LIMIT', 'reduceOnly': False, 'closePosition': False, 'side': 'BUY', 'positionSide': 'BOTH', 'stopPrice': '0.00', 'workingType': 'CONTRACT_PRICE', 'priceProtect': False, 'origType': 'LIMIT', 'priceMatch': 'NONE', 'selfTradePreventionMode': 'NONE', 'goodTillDate': 0, 'updateTime': 1731016469653}
2024-11-08 03:24:29,698 INFO:Placed grid orders at Sell: 2891.85, Buy: 2887.23
2024-11-08 03:24:30,146 INFO:SELL limit order placed: {'orderId': 1467703564, 'symbol': 'ETHUSDT', 'status': 'NEW', 'clientOrderId': 'x-Cb7ytekJe0e28da624549cc5f465ce', 'price': '2893.01', 'avgPrice': '0.00', 'origQty': '0.010', 'executedQty': '0.000', 'cumQty': '0.000', 'cumQuote': '0.00000', 'timeInForce': 'GTC', 'type': 'LIMIT', 'reduceOnly': False, 'closePosition': False, 'side': 'SELL', 'positionSide': 'BOTH', 'stopPrice': '0.00', 'workingType': 'CONTRACT_PRICE', 'priceProtect': False, 'origType': 'LIMIT', 'priceMatch': 'NONE', 'selfTradePreventionMode': 'NONE', 'goodTillDate': 0, 'updateTime': 1731016470101}
2024-11-08 03:24:30,582 INFO:BUY limit order placed: {'orderId': 1467703566, 'symbol': 'ETHUSDT', 'status': 'NEW', 'clientOrderId': 'x-Cb7ytekJbc3fdc0c350e421156f23d', 'price': '2886.07', 'avgPrice': '0.00', 'origQty': '0.010', 'executedQty': '0.000', 'cumQty': '0.000', 'cumQuote': '0.00000', 'timeInForce': 'GTC', 'type': 'LIMIT', 'reduceOnly': False, 'closePosition': False, 'side': 'BUY', 'positionSide': 'BOTH', 'stopPrice': '0.00', 'workingType': 'CONTRACT_PRICE', 'priceProtect': False, 'origType': 'LIMIT', 'priceMatch': 'NONE', 'selfTradePreventionMode': 'NONE', 'goodTillDate': 0, 'updateTime': 1731016470542}
2024-11-08 03:24:30,582 INFO:Placed grid orders at Sell: 2893.01, Buy: 2886.07
2024-11-08 03:24:30,725 INFO:Position direction changed from LONG to FLAT
2024-11-08 03:24:30,741 INFO:SELL limit order placed: {'orderId': 1467703567, 'symbol': 'ETHUSDT', 'status': 'NEW', 'clientOrderId': 'x-Cb7ytekJfd79f4330bcf70b9262db1', 'price': '2894.16', 'avgPrice': '0.00', 'origQty': '0.010', 'executedQty': '0.000', 'cumQty': '0.000', 'cumQuote': '0.00000', 'timeInForce': 'GTC', 'type': 'LIMIT', 'reduceOnly': False, 'closePosition': False, 'side': 'SELL', 'positionSide': 'BOTH', 'stopPrice': '0.00', 'workingType': 'CONTRACT_PRICE', 'priceProtect': False, 'origType': 'LIMIT', 'priceMatch': 'NONE', 'selfTradePreventionMode': 'NONE', 'goodTillDate': 0, 'updateTime': 1731016470693}
2024-11-08 03:24:31,032 INFO:Canceled order 4065408688 for BTCUSDT
2024-11-08 03:24:31,032 INFO:All orders canceled for BTCUSDT
2024-11-08 03:24:31,170 INFO:BUY limit order placed: {'orderId': 1467703569, 'symbol': 'ETHUSDT', 'status': 'NEW', 'clientOrderId': 'x-Cb7ytekJ394bbf13df9726ff5447c3', 'price': '2884.92', 'avgPrice': '0.00', 'origQty': '0.010', 'executedQty': '0.000', 'cumQty': '0.000', 'cumQuote': '0.00000', 'timeInForce': 'GTC', 'type': 'LIMIT', 'reduceOnly': False, 'closePosition': False, 'side': 'BUY', 'positionSide': 'BOTH', 'stopPrice': '0.00', 'workingType': 'CONTRACT_PRICE', 'priceProtect': False, 'origType': 'LIMIT', 'priceMatch': 'NONE', 'selfTradePreventionMode': 'NONE', 'goodTillDate': 0, 'updateTime': 1731016471131}
2024-11-08 03:24:31,171 INFO:Placed grid orders at Sell: 2894.16, Buy: 2884.92
2024-11-08 03:24:31,323 INFO:SELL limit order placed: {'orderId': 1467703573, 'symbol': 'ETHUSDT', 'status': 'NEW', 'clientOrderId': 'x-Cb7ytekJbccdf7782868b683f65655', 'price': '2895.32', 'avgPrice': '0.00', 'origQty': '0.010', 'executedQty': '0.000', 'cumQty': '0.000', 'cumQuote': '0.00000', 'timeInForce': 'GTC', 'type': 'LIMIT', 'reduceOnly': False, 'closePosition': False, 'side': 'SELL', 'positionSide': 'BOTH', 'stopPrice': '0.00', 'workingType': 'CONTRACT_PRICE', 'priceProtect': False, 'origType': 'LIMIT', 'priceMatch': 'NONE', 'selfTradePreventionMode': 'NONE', 'goodTillDate': 0, 'updateTime': 1731016471283}
2024-11-08 03:24:31,483 INFO:BUY limit order placed: {'orderId': 1467703575, 'symbol': 'ETHUSDT', 'status': 'NEW', 'clientOrderId': 'x-Cb7ytekJf62aacbf442cba366b568c', 'price': '2883.76', 'avgPrice': '0.00', 'origQty': '0.010', 'executedQty': '0.000', 'cumQty': '0.000', 'cumQuote': '0.00000', 'timeInForce': 'GTC', 'type': 'LIMIT', 'reduceOnly': False, 'closePosition': False, 'side': 'BUY', 'positionSide': 'BOTH', 'stopPrice': '0.00', 'workingType': 'CONTRACT_PRICE', 'priceProtect': False, 'origType': 'LIMIT', 'priceMatch': 'NONE', 'selfTradePreventionMode': 'NONE', 'goodTillDate': 0, 'updateTime': 1731016471435}
2024-11-08 03:24:31,483 INFO:Placed grid orders at Sell: 2895.32, Buy: 2883.76
2024-11-08 03:24:31,633 INFO:SELL limit order placed: {'orderId': 1467703577, 'symbol': 'ETHUSDT', 'status': 'NEW', 'clientOrderId': 'x-Cb7ytekJe560f88798cd8b87385639', 'price': '2896.47', 'avgPrice': '0.00', 'origQty': '0.010', 'executedQty': '0.000', 'cumQty': '0.000', 'cumQuote': '0.00000', 'timeInForce': 'GTC', 'type': 'LIMIT', 'reduceOnly': False, 'closePosition': False, 'side': 'SELL', 'positionSide': 'BOTH', 'stopPrice': '0.00', 'workingType': 'CONTRACT_PRICE', 'priceProtect': False, 'origType': 'LIMIT', 'priceMatch': 'NONE', 'selfTradePreventionMode': 'NONE', 'goodTillDate': 0, 'updateTime': 1731016471592}
